<?xml version="1.0" encoding="UTF-8"?>
<!-- Generated by org.testng.reporters.JUnitXMLReporter -->
<testsuite hostname="iMacMachineTest.Dlink" name="Command line test" tests="1" failures="1" timestamp="1 Oct 2015 18:53:35 GMT" time="0.067" errors="0">
  <testcase name="testLoginAsGuest" time="0.035" classname="com.becomejavasenior.tests.TestAddNewContact">
    <failure type="java.lang.NullPointerException">
        <![CDATA[java.lang.NullPointerException
	at becomejavasenior.pages.AddContactPageCrmTwo.load(AddContactPageCrmTwo.java:24)
	at becomejavasenior.pages.AddContactPageCrmTwo.load(AddContactPageCrmTwo.java:13)
	at becomejavasenior.WebPage.loadAndWaitUntilAvailable(WebPage.java:17)
	at com.becomejavasenior.tests.TestAddNewContact.testLoginAsGuest(TestAddNewContact.java:20)
... Removed 34 stack frames]]>
    </failure>
  </testcase> <!-- testLoginAsGuest -->
</testsuite> <!-- Command line test -->
