<?xml version="1.0" encoding="UTF-8" ?>
<testsuite tests="1" failures="1" name="TestSuite" time="0.038" errors="0" skipped="0">
  <properties>
[...]
</properties>
  <testcase classname="com.becomejavasenior.tests.TestAddNewContact" name="testLoginAsGuest" time="0.038">
    <failure type="java.lang.NullPointerException">java.lang.NullPointerException
        at becomejavasenior.pages.AddContactPageCrmTwo.load(AddContactPageCrmTwo.java:24)
        at becomejavasenior.pages.AddContactPageCrmTwo.load(AddContactPageCrmTwo.java:13)
        at becomejavasenior.WebPage.loadAndWaitUntilAvailable(WebPage.java:17)
        at com.becomejavasenior.tests.TestAddNewContact.testLoginAsGuest(TestAddNewContact.java:20)
    </failure>
    <system-out>Configuring TestNG with: org.apache.maven.surefire.testng.conf.TestNG652Configurator@77468bd9
</system-out>
  </testcase>
</testsuite>