<?xml version="1.0" encoding="UTF-8"?>
<testng-results skipped="0" failed="1" total="1" passed="0">
  <reporter-output>
  </reporter-output>
  <suite name="Command line suite" duration-ms="67" started-at="2015-10-01T18:53:35Z" finished-at="2015-10-01T18:53:35Z">
    <groups>
    </groups>
    <test name="Command line test" duration-ms="67" started-at="2015-10-01T18:53:35Z" finished-at="2015-10-01T18:53:35Z">
      <class name="com.becomejavasenior.tests.TestAddNewContact">
        <test-method status="PASS" signature="setUp()[pri:0, instance:com.becomejavasenior.tests.TestAddNewContact@3cbbc1e0]" name="setUp" is-config="true" duration-ms="5520" started-at="2015-10-01T21:53:30Z" finished-at="2015-10-01T21:53:35Z">
          <reporter-output>
          </reporter-output>
        </test-method> <!-- setUp -->
        <test-method status="FAIL" signature="testLoginAsGuest()[pri:0, instance:com.becomejavasenior.tests.TestAddNewContact@3cbbc1e0]" name="testLoginAsGuest" duration-ms="35" started-at="2015-10-01T21:53:35Z" finished-at="2015-10-01T21:53:35Z">
          <exception class="java.lang.NullPointerException">
            <full-stacktrace>
				<![CDATA[java.lang.NullPointerException
	at becomejavasenior.pages.AddContactPageCrmTwo.load(AddContactPageCrmTwo.java:24)
	at becomejavasenior.pages.AddContactPageCrmTwo.load(AddContactPageCrmTwo.java:13)
	at becomejavasenior.WebPage.loadAndWaitUntilAvailable(WebPage.java:17)
	at com.becomejavasenior.tests.TestAddNewContact.testLoginAsGuest(TestAddNewContact.java:20)
	at sun.reflect.NativeMethodAccessorImpl.invoke0(Native Method)
	at sun.reflect.NativeMethodAccessorImpl.invoke(NativeMethodAccessorImpl.java:62)
	at sun.reflect.DelegatingMethodAccessorImpl.invoke(DelegatingMethodAccessorImpl.java:43)
	at java.lang.reflect.Method.invoke(Method.java:497)
	at org.testng.internal.MethodInvocationHelper.invokeMethod(MethodInvocationHelper.java:85)
	at org.testng.internal.Invoker.invokeMethod(Invoker.java:639)
	at org.testng.internal.Invoker.invokeTestMethod(Invoker.java:821)
	at org.testng.internal.Invoker.invokeTestMethods(Invoker.java:1131)
	at org.testng.internal.TestMethodWorker.invokeTestMethods(TestMethodWorker.java:124)
	at org.testng.internal.TestMethodWorker.run(TestMethodWorker.java:108)
	at org.testng.TestRunner.privateRun(TestRunner.java:773)
	at org.testng.TestRunner.run(TestRunner.java:623)
	at org.testng.SuiteRunner.runTest(SuiteRunner.java:357)
	at org.testng.SuiteRunner.runSequentially(SuiteRunner.java:352)
	at org.testng.SuiteRunner.privateRun(SuiteRunner.java:310)
	at org.testng.SuiteRunner.run(SuiteRunner.java:259)
	at org.testng.SuiteRunnerWorker.runSuite(SuiteRunnerWorker.java:52)
	at org.testng.SuiteRunnerWorker.run(SuiteRunnerWorker.java:86)
	at org.testng.TestNG.runSuitesSequentially(TestNG.java:1185)
	at org.testng.TestNG.runSuitesLocally(TestNG.java:1110)
	at org.testng.TestNG.run(TestNG.java:1018)
	at org.apache.maven.surefire.testng.TestNGExecutor.run(TestNGExecutor.java:77)
	at org.apache.maven.surefire.testng.TestNGDirectoryTestSuite.executeMulti(TestNGDirectoryTestSuite.java:159)
	at org.apache.maven.surefire.testng.TestNGDirectoryTestSuite.execute(TestNGDirectoryTestSuite.java:99)
	at org.apache.maven.surefire.testng.TestNGProvider.invoke(TestNGProvider.java:106)
	at sun.reflect.NativeMethodAccessorImpl.invoke0(Native Method)
	at sun.reflect.NativeMethodAccessorImpl.invoke(NativeMethodAccessorImpl.java:62)
	at sun.reflect.DelegatingMethodAccessorImpl.invoke(DelegatingMethodAccessorImpl.java:43)
	at java.lang.reflect.Method.invoke(Method.java:497)
	at org.apache.maven.surefire.util.ReflectionUtils.invokeMethodWithArray(ReflectionUtils.java:189)
	at org.apache.maven.surefire.booter.ProviderFactory$ProviderProxy.invoke(ProviderFactory.java:165)
	at org.apache.maven.surefire.booter.ProviderFactory.invokeProvider(ProviderFactory.java:85)
	at org.apache.maven.surefire.booter.ForkedBooter.runSuitesInProcess(ForkedBooter.java:115)
	at org.apache.maven.surefire.booter.ForkedBooter.main(ForkedBooter.java:75)
]]>
			</full-stacktrace>
          </exception> <!-- java.lang.NullPointerException -->
          <reporter-output>
          </reporter-output>
        </test-method> <!-- testLoginAsGuest -->
        <test-method status="PASS" signature="tearDown()[pri:0, instance:com.becomejavasenior.tests.TestAddNewContact@3cbbc1e0]" name="tearDown" is-config="true" duration-ms="347" started-at="2015-10-01T21:53:35Z" finished-at="2015-10-01T21:53:36Z">
          <reporter-output>
          </reporter-output>
        </test-method> <!-- tearDown -->
      </class> <!-- com.becomejavasenior.tests.TestAddNewContact -->
    </test> <!-- Command line test -->
  </suite> <!-- Command line suite -->
</testng-results>
