-------------------------------------------------------------------------------
Test set: TestSuite
-------------------------------------------------------------------------------
Tests run: 1, Failures: 1, Errors: 0, Skipped: 0, Time elapsed: 6.773 sec <<< FAILURE!
testLoginAsGuest(com.becomejavasenior.tests.TestAddNewContact)  Time elapsed: 0.038 sec  <<< FAILURE!
java.lang.NullPointerException
	at AddContactPageCrmTwo.load(AddContactPageCrmTwo.java:24)
	at AddContactPageCrmTwo.load(AddContactPageCrmTwo.java:13)
	at WebPage.loadAndWaitUntilAvailable(WebPage.java:17)
	at com.becomejavasenior.tests.TestAddNewContact.testLoginAsGuest(TestAddNewContact.java:20)

